2014/06/02 0:49:06 にビルドを開始しました。
     1>ノード 3 上のプロジェクト "G:\GitHub\openjtalks\openjtalk_vc\openjtalk_vc++\mecab\mecab.vcxproj" (Build ターゲット)。
     1>ClCompile:
         C:\Program Files (x86)\Microsoft Visual Studio 12.0\VC\bin\CL.exe /c /Zi /nologo /W3 /WX- /sdl /O2 /Oi /Oy- /GL /D WIN32 /D NDEBUG /D _LIB /D _UNICODE /D UNICODE /Gm- /EHsc /MD /GS /Gy /fp:precise /Zc:wchar_t /Zc:forScope /Fo"Release\\" /Fd"Release\vc120.pdb" /Gd /TP /analyze- /errorReport:prompt ..\openjtalk_vc++\mecab\src\char_property.cpp ..\openjtalk_vc++\mecab\src\dictionary_compiler.cpp ..\openjtalk_vc++\mecab\src\dictionary_generator.cpp ..\openjtalk_vc++\mecab\src\iconv_utils.cpp
         char_property.cpp
     1>g:\github\openjtalks\openjtalk_vc\openjtalk_vc++\openjtalk_vc++\mecab\src\mmap.h(74): error C2146: 構文エラー : ';' が、識別子 'hFile' の前に必要です。
                 g:\github\openjtalks\openjtalk_vc\openjtalk_vc++\openjtalk_vc++\mecab\src\mmap.h(221) : コンパイルされたクラスの テンプレート のインスタンス化 'MeCab::Mmap<T>' の参照を確認してください
     1>g:\github\openjtalks\openjtalk_vc\openjtalk_vc++\openjtalk_vc++\mecab\src\mmap.h(74): error C4430: 型指定子がありません - int と仮定しました。メモ: C++ は int を既定値としてサポートしていません
     1>g:\github\openjtalks\openjtalk_vc\openjtalk_vc++\openjtalk_vc++\mecab\src\mmap.h(75): error C2146: 構文エラー : ';' が、識別子 'hMap' の前に必要です。
     1>g:\github\openjtalks\openjtalk_vc\openjtalk_vc++\openjtalk_vc++\mecab\src\mmap.h(75): error C4430: 型指定子がありません - int と仮定しました。メモ: C++ は int を既定値としてサポートしていません
     1>g:\github\openjtalks\openjtalk_vc\openjtalk_vc++\openjtalk_vc++\mecab\src\char_property.h(22): warning C4800: 'const unsigned int' : ブール値を 'true' または 'false' に強制的に設定します (警告の処理)
         dictionary_compiler.cpp
     1>g:\github\openjtalks\openjtalk_vc\openjtalk_vc++\openjtalk_vc++\mecab\src\mmap.h(74): error C2146: 構文エラー : ';' が、識別子 'hFile' の前に必要です。
                 g:\github\openjtalks\openjtalk_vc\openjtalk_vc++\openjtalk_vc++\mecab\src\mmap.h(221) : コンパイルされたクラスの テンプレート のインスタンス化 'MeCab::Mmap<T>' の参照を確認してください
     1>g:\github\openjtalks\openjtalk_vc\openjtalk_vc++\openjtalk_vc++\mecab\src\mmap.h(74): error C4430: 型指定子がありません - int と仮定しました。メモ: C++ は int を既定値としてサポートしていません
     1>g:\github\openjtalks\openjtalk_vc\openjtalk_vc++\openjtalk_vc++\mecab\src\mmap.h(75): error C2146: 構文エラー : ';' が、識別子 'hMap' の前に必要です。
     1>g:\github\openjtalks\openjtalk_vc\openjtalk_vc++\openjtalk_vc++\mecab\src\mmap.h(75): error C4430: 型指定子がありません - int と仮定しました。メモ: C++ は int を既定値としてサポートしていません
     1>g:\github\openjtalks\openjtalk_vc\openjtalk_vc++\openjtalk_vc++\mecab\src\char_property.h(22): warning C4800: 'const unsigned int' : ブール値を 'true' または 'false' に強制的に設定します (警告の処理)
         dictionary_generator.cpp
     1>g:\github\openjtalks\openjtalk_vc\openjtalk_vc++\openjtalk_vc++\mecab\src\mmap.h(74): error C2146: 構文エラー : ';' が、識別子 'hFile' の前に必要です。
                 g:\github\openjtalks\openjtalk_vc\openjtalk_vc++\openjtalk_vc++\mecab\src\mmap.h(221) : コンパイルされたクラスの テンプレート のインスタンス化 'MeCab::Mmap<T>' の参照を確認してください
     1>g:\github\openjtalks\openjtalk_vc\openjtalk_vc++\openjtalk_vc++\mecab\src\mmap.h(74): error C4430: 型指定子がありません - int と仮定しました。メモ: C++ は int を既定値としてサポートしていません
     1>g:\github\openjtalks\openjtalk_vc\openjtalk_vc++\openjtalk_vc++\mecab\src\mmap.h(75): error C2146: 構文エラー : ';' が、識別子 'hMap' の前に必要です。
     1>g:\github\openjtalks\openjtalk_vc\openjtalk_vc++\openjtalk_vc++\mecab\src\mmap.h(75): error C4430: 型指定子がありません - int と仮定しました。メモ: C++ は int を既定値としてサポートしていません
     1>g:\github\openjtalks\openjtalk_vc\openjtalk_vc++\openjtalk_vc++\mecab\src\char_property.h(22): warning C4800: 'const unsigned int' : ブール値を 'true' または 'false' に強制的に設定します (警告の処理)
         iconv_utils.cpp
     1>g:\github\openjtalks\openjtalk_vc\openjtalk_vc++\openjtalk_vc++\mecab\src\mmap.h(74): error C2146: 構文エラー : ';' が、識別子 'hFile' の前に必要です。
                 g:\github\openjtalks\openjtalk_vc\openjtalk_vc++\openjtalk_vc++\mecab\src\mmap.h(221) : コンパイルされたクラスの テンプレート のインスタンス化 'MeCab::Mmap<T>' の参照を確認してください
     1>g:\github\openjtalks\openjtalk_vc\openjtalk_vc++\openjtalk_vc++\mecab\src\mmap.h(74): error C4430: 型指定子がありません - int と仮定しました。メモ: C++ は int を既定値としてサポートしていません
     1>g:\github\openjtalks\openjtalk_vc\openjtalk_vc++\openjtalk_vc++\mecab\src\mmap.h(75): error C2146: 構文エラー : ';' が、識別子 'hMap' の前に必要です。
     1>g:\github\openjtalks\openjtalk_vc\openjtalk_vc++\openjtalk_vc++\mecab\src\mmap.h(75): error C4430: 型指定子がありません - int と仮定しました。メモ: C++ は int を既定値としてサポートしていません
     1>g:\github\openjtalks\openjtalk_vc\openjtalk_vc++\openjtalk_vc++\mecab\src\char_property.h(22): warning C4800: 'const unsigned int' : ブール値を 'true' または 'false' に強制的に設定します (警告の処理)
     1>プロジェクト "G:\GitHub\openjtalks\openjtalk_vc\openjtalk_vc++\mecab\mecab.vcxproj" (Build ターゲット) のビルドが終了しました -- 失敗。

ビルドに失敗しました。

経過時間 00:00:01.97
