2014/06/02 20:01:04 にビルドを開始しました。
     1>ノード 2 上のプロジェクト "G:\GitHub\openjtalks\openjtalk_vc\openjtalk_vc++\njd\njd.vcxproj" (Rebuild ターゲット)。
     1>ClCompile:
         C:\Program Files (x86)\Microsoft Visual Studio 12.0\VC\bin\CL.exe /c /ZI /nologo /W3 /WX- /sdl /Od /Oy- /D CODE_ANALYSIS /D WIN32 /D _DEBUG /D _LIB /D _UNICODE /D UNICODE /Gm /EHsc /RTC1 /MDd /GS /fp:precise /Zc:wchar_t /Zc:forScope /Fo"Debug\\" /Fd"Debug\vc120.pdb" /Gd /TC /analyze /errorReport:prompt   /analyze:quiet ..\openjtalk_vc++\njd\njd.c ..\openjtalk_vc++\njd\njd_node.c
         njd_node.c
         njd.c
         C/C++ のコード分析を実行しています...
         コードを生成中...
       Lib:
         C:\Program Files (x86)\Microsoft Visual Studio 12.0\VC\bin\Lib.exe /OUT:"G:\GitHub\openjtalks\openjtalk_vc\openjtalk_vc++\Debug\njd.lib" /NOLOGO Debug\njd.obj
         Debug\njd_node.obj
         njd.vcxproj -> G:\GitHub\openjtalks\openjtalk_vc\openjtalk_vc++\Debug\njd.lib
     1>g:\github\openjtalks\openjtalk_vc\openjtalk_vc++\openjtalk_vc++\njd\njd.c(400): warning C6001: 初期化されていないメモリ '*node' を使用しています。
     1>g:\github\openjtalks\openjtalk_vc\openjtalk_vc++\openjtalk_vc++\njd\njd_node.c(244): warning C6387: 'c' は '0' である可能性があります: この動作は、関数 'strcpy_s' の指定に従っていません。
     1>g:\github\openjtalks\openjtalk_vc\openjtalk_vc++\openjtalk_vc++\njd\njd_node.c(245): warning C6387: 'c' は '0' である可能性があります: この動作は、関数 'strcat_s' の指定に従っていません。これが行われる可能性のある以前の行 244 を参照してください
     1>g:\github\openjtalks\openjtalk_vc\openjtalk_vc++\openjtalk_vc++\njd\njd_node.c(261): warning C6387: 'c' は '0' である可能性があります: この動作は、関数 'strcpy_s' の指定に従っていません。
     1>g:\github\openjtalks\openjtalk_vc\openjtalk_vc++\openjtalk_vc++\njd\njd_node.c(262): warning C6387: 'c' は '0' である可能性があります: この動作は、関数 'strcat_s' の指定に従っていません。これが行われる可能性のある以前の行 261 を参照してください
     1>g:\github\openjtalks\openjtalk_vc\openjtalk_vc++\openjtalk_vc++\njd\njd_node.c(478): warning C6011: NULL ポインター 'node' を逆参照しています。
     1>プロジェクト "G:\GitHub\openjtalks\openjtalk_vc\openjtalk_vc++\njd\njd.vcxproj" (Rebuild ターゲット) のビルドが完了しました。

ビルドに成功しました。

経過時間 00:00:04.89
