g:\github\openjtalks\openjtalk_vc\openjtalk_vc++\mecab\debug\vc120.pdb
g:\github\openjtalks\openjtalk_vc\openjtalk_vc++\mecab\debug\vc120.idb
g:\github\openjtalks\openjtalk_vc\openjtalk_vc++\mecab\debug\dictionary_compiler.obj
g:\github\openjtalks\openjtalk_vc\openjtalk_vc++\mecab\debug\dictionary_generator.obj
g:\github\openjtalks\openjtalk_vc\openjtalk_vc++\mecab\debug\dictionary_rewriter.obj
g:\github\openjtalks\openjtalk_vc\openjtalk_vc++\mecab\debug\eval.obj
g:\github\openjtalks\openjtalk_vc\openjtalk_vc++\mecab\debug\feature_index.obj
g:\github\openjtalks\openjtalk_vc\openjtalk_vc++\mecab\debug\iconv_utils.obj
g:\github\openjtalks\openjtalk_vc\openjtalk_vc++\mecab\debug\lbfgs.obj
g:\github\openjtalks\openjtalk_vc\openjtalk_vc++\mecab\debug\learner.obj
g:\github\openjtalks\openjtalk_vc\openjtalk_vc++\mecab\debug\learner_tagger.obj
g:\github\openjtalks\openjtalk_vc\openjtalk_vc++\mecab\debug\libmecab.obj
g:\github\openjtalks\openjtalk_vc\openjtalk_vc++\mecab\debug\mecab-dict-index.obj
g:\github\openjtalks\openjtalk_vc\openjtalk_vc++\mecab\debug\mecab.obj
g:\github\openjtalks\openjtalk_vc\openjtalk_vc++\mecab\debug\nbest_generator.obj
g:\github\openjtalks\openjtalk_vc\openjtalk_vc++\mecab\debug\param.obj
g:\github\openjtalks\openjtalk_vc\openjtalk_vc++\mecab\debug\string_buffer.obj
g:\github\openjtalks\openjtalk_vc\openjtalk_vc++\mecab\debug\tagger.obj
g:\github\openjtalks\openjtalk_vc\openjtalk_vc++\mecab\debug\tokenizer.obj
g:\github\openjtalks\openjtalk_vc\openjtalk_vc++\mecab\debug\utils.obj
g:\github\openjtalks\openjtalk_vc\openjtalk_vc++\mecab\debug\viterbi.obj
g:\github\openjtalks\openjtalk_vc\openjtalk_vc++\mecab\debug\writer.obj
g:\github\openjtalks\openjtalk_vc\openjtalk_vc++\mecab\debug\char_property.obj
g:\github\openjtalks\openjtalk_vc\openjtalk_vc++\mecab\debug\connector.obj
g:\github\openjtalks\openjtalk_vc\openjtalk_vc++\mecab\debug\context_id.obj
g:\github\openjtalks\openjtalk_vc\openjtalk_vc++\mecab\debug\dictionary.obj
g:\github\openjtalks\openjtalk_vc\openjtalk_vc++\debug\mecab.lib
g:\github\openjtalks\openjtalk_vc\openjtalk_vc++\mecab\debug\mecab.tlog\cl.command.1.tlog
g:\github\openjtalks\openjtalk_vc\openjtalk_vc++\mecab\debug\mecab.tlog\cl.read.1.tlog
g:\github\openjtalks\openjtalk_vc\openjtalk_vc++\mecab\debug\mecab.tlog\cl.write.1.tlog
g:\github\openjtalks\openjtalk_vc\openjtalk_vc++\mecab\debug\mecab.tlog\lib-link.read.1.tlog
g:\github\openjtalks\openjtalk_vc\openjtalk_vc++\mecab\debug\mecab.tlog\lib-link.write.1.tlog
g:\github\openjtalks\openjtalk_vc\openjtalk_vc++\mecab\debug\mecab.tlog\lib.command.1.tlog
