2014/06/02 20:55:54 にビルドを開始しました。
     1>ノード 2 上のプロジェクト "G:\GitHub\openjtalks\openjtalk_vc\openjtalk_vc++\mecab\mecab.vcxproj" (Build ターゲット)。
     1>ClCompile:
         C:\Program Files (x86)\Microsoft Visual Studio 12.0\VC\bin\CL.exe /c /ZI /nologo /W3 /WX- /sdl /Od /Oy- /D WIN32 /D _DEBUG /D _LIB /D CHARSET_SHIFT_JIS /D HAVE_WINDOWS_H /D HAVE_SYS_TYPES_H /D HAVE_FCNTL_H /D HAVE_SYS_STAT_H /D _UNICODE /D UNICODE /Gm /EHsc /RTC1 /MDd /GS /fp:precise /Zc:wchar_t /Zc:forScope /Fo"Debug\\" /Fd"Debug\vc120.pdb" /Gd /TP /analyze- /errorReport:prompt -D_SCL_SECURE_NO_WARNINGS ..\openjtalk_vc++\mecab\src\mecab.cpp
         mecab.cpp
       Lib:
         C:\Program Files (x86)\Microsoft Visual Studio 12.0\VC\bin\Lib.exe /OUT:"G:\GitHub\openjtalks\openjtalk_vc\openjtalk_vc++\Debug\mecab.lib" /NOLOGO Debug\char_property.obj
         Debug\connector.obj
         Debug\context_id.obj
         Debug\dictionary.obj
         Debug\dictionary_compiler.obj
         Debug\dictionary_generator.obj
         Debug\dictionary_rewriter.obj
         Debug\eval.obj
         Debug\feature_index.obj
         Debug\iconv_utils.obj
         Debug\lbfgs.obj
         Debug\learner.obj
         Debug\learner_tagger.obj
         Debug\libmecab.obj
         "Debug\mecab-dict-index.obj"
         Debug\mecab.obj
         Debug\nbest_generator.obj
         Debug\param.obj
         Debug\string_buffer.obj
         Debug\tagger.obj
         Debug\tokenizer.obj
         Debug\utils.obj
         Debug\viterbi.obj
         Debug\writer.obj
         mecab.vcxproj -> G:\GitHub\openjtalks\openjtalk_vc\openjtalk_vc++\Debug\mecab.lib
     1>プロジェクト "G:\GitHub\openjtalks\openjtalk_vc\openjtalk_vc++\mecab\mecab.vcxproj" (Build ターゲット) のビルドが完了しました。

ビルドに成功しました。

経過時間 00:00:01.30
